{"level":"info","message":"hello route accessed","service":"acquisitions-api"}
{"level":"info","message":"::1 - - [20/Jan/2026:17:46:01 +0000] \"GET / HTTP/1.1\" 304 - \"-\" \"Mozilla/5.0 (X11; Linux x86_64) AppleWebKit/537.36 (KHTML, like Gecko) Chrome/143.0.0.0 Safari/537.36\"","service":"acquisitions-api"}
{"level":"info","message":"hello route accessed","service":"acquisitions-api"}
{"level":"info","message":"::1 - - [21/Jan/2026:12:06:33 +0000] \"GET / HTTP/1.1\" 200 25 \"-\" \"PostmanRuntime/7.49.1\"","service":"acquisitions-api"}
{"level":"info","message":"::1 - - [21/Jan/2026:12:07:39 +0000] \"GET /api HTTP/1.1\" 404 142 \"-\" \"PostmanRuntime/7.49.1\"","service":"acquisitions-api"}
{"level":"info","message":"::1 - - [21/Jan/2026:12:08:05 +0000] \"GET /api HTTP/1.1\" 200 43 \"-\" \"PostmanRuntime/7.49.1\"","service":"acquisitions-api"}
{"level":"info","message":"::1 - - [21/Jan/2026:12:08:58 +0000] \"POST /health HTTP/1.1\" 200 62 \"-\" \"PostmanRuntime/7.49.1\"","service":"acquisitions-api"}
{"level":"info","message":"::1 - - [21/Jan/2026:12:09:42 +0000] \"POST /api/auth/sign-in HTTP/1.1\" 404 156 \"-\" \"PostmanRuntime/7.49.1\"","service":"acquisitions-api"}
{"level":"info","message":"::1 - - [21/Jan/2026:12:10:16 +0000] \"POST /api/auth/sign-in HTTP/1.1\" 200 22 \"-\" \"PostmanRuntime/7.49.1\"","service":"acquisitions-api"}
{"level":"info","message":"::1 - - [22/Jan/2026:17:23:57 +0000] \"POST /api/auth/sign-up HTTP/1.1\" 500 386 \"-\" \"PostmanRuntime/7.49.1\"","service":"acquisitions-api"}
{"level":"error","message":"signUp error: db is not defined","service":"acquisitions-api","stack":"ReferenceError: db is not defined\n    at createUser (file:///home/raghavbatchu/Downloads/Projects/Acquistions-/src/services/auth.service.js:16:25)\n    at signUp (file:///home/raghavbatchu/Downloads/Projects/Acquistions-/src/controller/auth.controller.js:17:28)\n    at Layer.handleRequest (/home/raghavbatchu/Downloads/Projects/Acquistions-/node_modules/router/lib/layer.js:152:17)\n    at next (/home/raghavbatchu/Downloads/Projects/Acquistions-/node_modules/router/lib/route.js:157:13)\n    at Route.dispatch (/home/raghavbatchu/Downloads/Projects/Acquistions-/node_modules/router/lib/route.js:117:3)\n    at handle (/home/raghavbatchu/Downloads/Projects/Acquistions-/node_modules/router/index.js:435:11)\n    at Layer.handleRequest (/home/raghavbatchu/Downloads/Projects/Acquistions-/node_modules/router/lib/layer.js:152:17)\n    at /home/raghavbatchu/Downloads/Projects/Acquistions-/node_modules/router/index.js:295:15\n    at processParams (/home/raghavbatchu/Downloads/Projects/Acquistions-/node_modules/router/index.js:582:12)\n    at next (/home/raghavbatchu/Downloads/Projects/Acquistions-/node_modules/router/index.js:291:5)"}
{"level":"info","message":"::1 - - [22/Jan/2026:17:24:38 +0000] \"POST /api/auth/sign-up HTTP/1.1\" 500 381 \"-\" \"PostmanRuntime/7.49.1\"","service":"acquisitions-api"}
{"level":"error","message":"signUp error: db.select is not a function","service":"acquisitions-api","stack":"TypeError: db.select is not a function\n    at createUser (file:///home/raghavbatchu/Downloads/Projects/Acquistions-/src/services/auth.service.js:18:28)\n    at signUp (file:///home/raghavbatchu/Downloads/Projects/Acquistions-/src/controller/auth.controller.js:18:28)\n    at Layer.handleRequest (/home/raghavbatchu/Downloads/Projects/Acquistions-/node_modules/router/lib/layer.js:152:17)\n    at next (/home/raghavbatchu/Downloads/Projects/Acquistions-/node_modules/router/lib/route.js:157:13)\n    at Route.dispatch (/home/raghavbatchu/Downloads/Projects/Acquistions-/node_modules/router/lib/route.js:117:3)\n    at handle (/home/raghavbatchu/Downloads/Projects/Acquistions-/node_modules/router/index.js:435:11)\n    at Layer.handleRequest (/home/raghavbatchu/Downloads/Projects/Acquistions-/node_modules/router/lib/layer.js:152:17)\n    at /home/raghavbatchu/Downloads/Projects/Acquistions-/node_modules/router/index.js:295:15\n    at processParams (/home/raghavbatchu/Downloads/Projects/Acquistions-/node_modules/router/index.js:582:12)\n    at next (/home/raghavbatchu/Downloads/Projects/Acquistions-/node_modules/router/index.js:291:5)","timestamp":"2026-01-22T17:30:38.808Z"}
{"level":"info","message":"::1 - - [22/Jan/2026:17:30:38 +0000] \"POST /api/auth/sign-up HTTP/1.1\" 500 381 \"-\" \"PostmanRuntime/7.49.1\"","service":"acquisitions-api","timestamp":"2026-01-22T17:30:38.811Z"}
{"level":"info","message":"User batchuraghavendra07@gmail.com created successfully","service":"acquisitions-api","timestamp":"2026-01-22T17:32:25.911Z"}
{"level":"info","message":"user successfully registered:${email}","service":"acquisitions-api","timestamp":"2026-01-22T17:32:25.914Z"}
{"level":"info","message":"::1 - - [22/Jan/2026:17:32:25 +0000] \"POST /api/auth/sign-up HTTP/1.1\" 201 136 \"-\" \"PostmanRuntime/7.49.1\"","service":"acquisitions-api","timestamp":"2026-01-22T17:32:25.916Z"}
{"level":"info","message":"User batchuraghavendra417@gmail.com created successfully","service":"acquisitions-api","timestamp":"2026-01-22T17:34:41.954Z"}
{"level":"info","message":"user successfully registered:${email}","service":"acquisitions-api","timestamp":"2026-01-22T17:34:41.957Z"}
{"level":"info","message":"::1 - - [22/Jan/2026:17:34:41 +0000] \"POST /api/auth/sign-up HTTP/1.1\" 201 136 \"-\" \"PostmanRuntime/7.49.1\"","service":"acquisitions-api","timestamp":"2026-01-22T17:34:41.960Z"}
{"level":"info","message":"User batchuraghavendra417@gmail.com authenticated successfully","service":"acquisitions-api","timestamp":"2026-01-22T17:55:18.944Z"}
{"level":"info","message":"User signed in successfully: batchuraghavendra417@gmail.com","service":"acquisitions-api","timestamp":"2026-01-22T17:55:18.948Z"}
{"level":"info","message":"::1 - - [22/Jan/2026:17:55:18 +0000] \"POST /api/auth/sign-IN HTTP/1.1\" 200 135 \"-\" \"PostmanRuntime/7.49.1\"","service":"acquisitions-api","timestamp":"2026-01-22T17:55:18.950Z"}
{"level":"info","message":"User signed out successfully","service":"acquisitions-api","timestamp":"2026-01-22T17:55:37.701Z"}
{"level":"info","message":"::1 - - [22/Jan/2026:17:55:37 +0000] \"POST /api/auth/sign-out HTTP/1.1\" 200 42 \"-\" \"PostmanRuntime/7.49.1\"","service":"acquisitions-api","timestamp":"2026-01-22T17:55:37.702Z"}
